
Command: shopt -s histappend
Output:

Exit Code: 0
----
Command: pwd
Output:
/home/vijay/Pledg
Exit Code: 0
----
Command: npm install
Output:

up to date, audited 273 packages in 1s

44 packages are looking for funding
  run `npm fund` for details

1 low severity vulnerability

To address all issues (including breaking changes), run:
  npm audit fix --force

Run `npm audit` for details.
Exit Code: 0
----
Command: npm run dev
Output:

> my-v0-project@0.1.0 dev
> next dev

  ▲ Next.js 14.2.29
  - Local:        http://localhost:3000

 ✓ Starting...
 ✓ Ready in 2s
 ⚠ Found a change in next.config.mjs. Restarting the server to apply the changes...
  ▲ Next.js 14.2.29
  - Local:        http://localhost:3000

 ✓ Starting...
 ✓ Ready in 1814ms
 ⚠ Found a change in next.config.mjs. Restarting the server to apply the changes...
 ⚠ Port 3000 is in use, trying 3001 instead.
  ▲ Next.js 14.2.29
  - Local:        http://localhost:3001

 ✓ Starting...
 ✓ Ready in 1807ms
 ⚠ Found a change in next.config.mjs. Restarting the server to apply the changes...
 ⚠ Port 3000 is in use, trying 3001 instead.
  ▲ Next.js 14.2.29
  - Local:        http://localhost:3001

 ✓ Starting...
 ✓ Ready in 2s
 ⚠ Found a change in next.config.mjs. Restarting the server to apply the changes...
 ⚠ Port 3000 is in use, trying 3001 instead.
  ▲ Next.js 14.2.29
  - Local:        http://localhost:3001

 ✓ Starting...

   We detected TypeScript in your project and reconfigured your tsconfig.json file for you. Strict-mode is set to false by default.
   The following suggested values were added to your tsconfig.json. These values can be changed to fit your project's needs:

   	- include was updated to add 'out/types/**/*.ts'

 ✓ Ready in 1983ms
 ○ Compiling / ...
 ✓ Compiled / in 3.4s (557 modules)
 GET / 200 in 3664ms
 ✓ Compiled in 403ms (286 modules)
 ✓ Compiled in 211ms (286 modules)
 ✓ Compiled in 204ms (286 modules)
 ✓ Compiled in 219ms (286 modules)
 ✓ Compiled in 210ms (286 modules)
 ✓ Compiled in 229ms (286 modules)
 ✓ Compiled in 186ms (286 modules)
 ✓ Compiled in 194ms (286 modules)
 ✓ Compiled in 212ms (286 modules)
 ✓ Compiled in 199ms (286 modules)
 ✓ Compiled in 206ms (286 modules)
 ✓ Compiled in 371ms (286 modules)
 ✓ Compiled in 180ms (286 modules)
 ✓ Compiled in 162ms (286 modules)
 ✓ Compiled in 158ms (286 modules)
 ✓ Compiled in 176ms (286 modules)
 ✓ Compiled in 253ms (286 modules)
 ✓ Compiled in 183ms (286 modules)
 ✓ Compiled in 195ms (286 modules)
 ✓ Compiled in 590ms (286 modules)
 ✓ Compiled in 204ms (286 modules)
 ✓ Compiled in 205ms (286 modules)
 ✓ Compiled in 173ms (286 modules)
 ✓ Compiled in 170ms (286 modules)
 ✓ Compiled in 183ms (286 modules)
 ✓ Compiled in 144ms (286 modules)
 ✓ Compiled in 149ms (286 modules)
 ✓ Compiled in 153ms (286 modules)
 ✓ Compiled in 146ms (286 modules)
 ✓ Compiled in 190ms (286 modules)
 ✓ Compiled in 163ms (286 modules)
 ✓ Compiled in 153ms (286 modules)
 ✓ Compiled in 152ms (286 modules)
 ✓ Compiled in 179ms (286 modules)
 ✓ Compiled in 163ms (286 modules)
 ✓ Compiled in 156ms (286 modules)
 ✓ Compiled in 157ms (286 modules)
 ✓ Compiled in 154ms (286 modules)
 ✓ Compiled in 147ms (286 modules)
 ✓ Compiled in 142ms (286 modules)
 ✓ Compiled in 151ms (286 modules)
 ✓ Compiled in 148ms (286 modules)
 ✓ Compiled in 150ms (286 modules)
 ✓ Compiled in 152ms (286 modules)
 ✓ Compiled in 149ms (286 modules)
 ✓ Compiled in 143ms (286 modules)
 ✓ Compiled in 157ms (286 modules)
 ✓ Compiled in 142ms (286 modules)
 ✓ Compiled in 149ms (286 modules)
 ✓ Compiled in 138ms (286 modules)
 ✓ Compiled in 143ms (286 modules)
 ✓ Compiled in 142ms (286 modules)
 ✓ Compiled in 717ms (286 modules)
 ✓ Compiled in 183ms (286 modules)
 ✓ Compiled in 143ms (286 modules)
 ✓ Compiled in 132ms (286 modules)
 ✓ Compiled in 135ms (286 modules)
 ✓ Compiled in 131ms (286 modules)
 ✓ Compiled in 134ms (286 modules)
 ✓ Compiled in 133ms (286 modules)
 ✓ Compiled in 132ms (286 modules)
 ✓ Compiled in 131ms (286 modules)
 ✓ Compiled in 135ms (286 modules)
 ✓ Compiled in 160ms (286 modules)
 ✓ Compiled in 187ms (286 modules)
 ✓ Compiled in 167ms (286 modules)
 ✓ Compiled in 165ms (286 modules)
 ✓ Compiled in 150ms (286 modules)
 ✓ Compiled in 141ms (286 modules)
 ✓ Compiled in 155ms (286 modules)
 ✓ Compiled in 167ms (286 modules)
 ✓ Compiled in 166ms (286 modules)
 ✓ Compiled in 154ms (286 modules)
 ✓ Compiled in 149ms (286 modules)
 ✓ Compiled in 179ms (286 modules)
 ✓ Compiled in 182ms (286 modules)
 ✓ Compiled in 184ms (286 modules)
 ✓ Compiled in 188ms (286 modules)
 ✓ Compiled in 230ms (286 modules)
 ✓ Compiled in 234ms (286 modules)
 ✓ Compiled in 164ms (286 modules)
 ✓ Compiled in 172ms (286 modules)
 ✓ Compiled in 188ms (286 modules)
 ✓ Compiled in 232ms (286 modules)
 ✓ Compiled in 187ms (286 modules)
 ✓ Compiled in 166ms (286 modules)
 ✓ Compiled in 156ms (286 modules)
 ✓ Compiled in 154ms (286 modules)
 ✓ Compiled in 169ms (286 modules)
 ✓ Compiled in 210ms (286 modules)
 ✓ Compiled in 259ms (286 modules)
 ✓ Compiled in 253ms (286 modules)
 ✓ Compiled in 251ms (286 modules)
 ✓ Compiled in 151ms (286 modules)
 ✓ Compiled in 164ms (286 modules)
 ✓ Compiled in 136ms (286 modules)
 ✓ Compiled in 137ms (286 modules)
 ✓ Compiled in 145ms (286 modules)
 ✓ Compiled in 128ms (286 modules)
 ✓ Compiled in 129ms (286 modules)
 ✓ Compiled in 139ms (286 modules)
 ✓ Compiled in 145ms (286 modules)
 ✓ Compiled in 129ms (286 modules)
 ✓ Compiled in 128ms (286 modules)
 ✓ Compiled in 129ms (286 modules)
 ✓ Compiled in 132ms (286 modules)
 ✓ Compiled in 133ms (286 modules)
 ✓ Compiled in 133ms (286 modules)
 ✓ Compiled in 138ms (286 modules)
 ✓ Compiled in 128ms (286 modules)
 ✓ Compiled in 129ms (286 modules)
 ✓ Compiled in 127ms (286 modules)
 ✓ Compiled in 130ms (286 modules)
 ✓ Compiled in 129ms (286 modules)
 ✓ Compiled in 130ms (286 modules)
 ✓ Compiled in 128ms (286 modules)
 ✓ Compiled in 135ms (286 modules)
 ⚠ Found a change in next.config.mjs. Restarting the server to apply the changes...
  ▲ Next.js 14.2.29
  - Local:        http://localhost:3000

 ✓ Starting...
 ✓ Ready in 2.1s
 ⚠ Found a change in next.config.mjs. Restarting the server to apply the changes...
  ▲ Next.js 14.2.29
  - Local:        http://localhost:3000

 ✓ Starting...
 ⚠ Invalid next.config.mjs options detected: 
 ⚠     Unrecognized key(s) in object: 'appDir' at "experimental"
 ⚠ See more info here: https://nextjs.org/docs/messages/invalid-next-config
TypeError: rule.test.test is not a function
    at file:///home/vijay/Pledg/next.config.mjs:28:40
    at Array.find (<anonymous>)
    at Object.webpack (file:///home/vijay/Pledg/next.config.mjs:27:43)
    at getBaseWebpackConfig (/home/vijay/Pledg/node_modules/next/dist/build/webpack-config.js:1838:32)
    at async Promise.all (index 1)
    at async Span.traceAsyncFn (/home/vijay/Pledg/node_modules/next/dist/trace/trace.js:154:20)
    at async Span.traceAsyncFn (/home/vijay/Pledg/node_modules/next/dist/trace/trace.js:154:20)
    at async HotReloaderWebpack.start (/home/vijay/Pledg/node_modules/next/dist/server/dev/hot-reloader-webpack.js:621:37)
    at async startWatcher (/home/vijay/Pledg/node_modules/next/dist/server/lib/router-utils/setup-dev-bundler.js:156:5)
    at async setupDevBundler (/home/vijay/Pledg/node_modules/next/dist/server/lib/router-utils/setup-dev-bundler.js:775:20)
[?25h
Exit Code: 0
----
